{"C:\\Users\\krist\\Programming\\SoftwareQuality\\Ola2\\Project\\api\\src\\index.ts": {"path":"C:\\Users\\krist\\Programming\\SoftwareQuality\\Ola2\\Project\\api\\src\\index.ts","statementMap":{"0":{"start":{"line":1,"column":0},"end":{"line":1,"column":51}},"1":{"start":{"line":2,"column":0},"end":{"line":2,"column":42}},"2":{"start":{"line":3,"column":0},"end":{"line":3,"column":null}},"3":{"start":{"line":10,"column":0},"end":{"line":10,"column":24}},"4":{"start":{"line":13,"column":12},"end":{"line":13,"column":21}},"5":{"start":{"line":14,"column":13},"end":{"line":14,"column":17}},"6":{"start":{"line":16,"column":0},"end":{"line":16,"column":16}},"7":{"start":{"line":17,"column":0},"end":{"line":17,"column":24}},"8":{"start":{"line":19,"column":0},"end":{"line":97,"column":7}},"9":{"start":{"line":21,"column":8},"end":{"line":21,"column":57}},"10":{"start":{"line":23,"column":8},"end":{"line":33,"column":11}},"11":{"start":{"line":23,"column":64},"end":{"line":33,"column":10}},"12":{"start":{"line":24,"column":12},"end":{"line":32,"column":13}},"13":{"start":{"line":25,"column":30},"end":{"line":25,"column":49}},"14":{"start":{"line":26,"column":16},"end":{"line":26,"column":32}},"15":{"start":{"line":28,"column":16},"end":{"line":28,"column":62}},"16":{"start":{"line":29,"column":16},"end":{"line":31,"column":77}},"17":{"start":{"line":35,"column":8},"end":{"line":46,"column":11}},"18":{"start":{"line":35,"column":65},"end":{"line":46,"column":10}},"19":{"start":{"line":36,"column":12},"end":{"line":45,"column":13}},"20":{"start":{"line":37,"column":54},"end":{"line":37,"column":62}},"21":{"start":{"line":38,"column":29},"end":{"line":38,"column":74}},"22":{"start":{"line":39,"column":16},"end":{"line":39,"column":31}},"23":{"start":{"line":41,"column":16},"end":{"line":41,"column":62}},"24":{"start":{"line":42,"column":16},"end":{"line":44,"column":77}},"25":{"start":{"line":48,"column":8},"end":{"line":60,"column":11}},"26":{"start":{"line":48,"column":68},"end":{"line":60,"column":10}},"27":{"start":{"line":49,"column":12},"end":{"line":59,"column":13}},"28":{"start":{"line":50,"column":29},"end":{"line":50,"column":39}},"29":{"start":{"line":51,"column":36},"end":{"line":51,"column":44}},"30":{"start":{"line":52,"column":16},"end":{"line":52,"column":null}},"31":{"start":{"line":54,"column":29},"end":{"line":54,"column":60}},"32":{"start":{"line":55,"column":16},"end":{"line":55,"column":31}},"33":{"start":{"line":57,"column":16},"end":{"line":57,"column":61}},"34":{"start":{"line":58,"column":16},"end":{"line":58,"column":87}},"35":{"start":{"line":62,"column":8},"end":{"line":74,"column":11}},"36":{"start":{"line":62,"column":67},"end":{"line":74,"column":10}},"37":{"start":{"line":63,"column":12},"end":{"line":73,"column":13}},"38":{"start":{"line":64,"column":29},"end":{"line":64,"column":37}},"39":{"start":{"line":65,"column":30},"end":{"line":65,"column":50}},"40":{"start":{"line":66,"column":16},"end":{"line":66,"column":32}},"41":{"start":{"line":68,"column":16},"end":{"line":68,"column":61}},"42":{"start":{"line":70,"column":16},"end":{"line":72,"column":76}},"43":{"start":{"line":76,"column":8},"end":{"line":88,"column":11}},"44":{"start":{"line":76,"column":66},"end":{"line":88,"column":10}},"45":{"start":{"line":77,"column":12},"end":{"line":87,"column":13}},"46":{"start":{"line":78,"column":42},"end":{"line":78,"column":50}},"47":{"start":{"line":79,"column":30},"end":{"line":79,"column":76}},"48":{"start":{"line":80,"column":16},"end":{"line":80,"column":32}},"49":{"start":{"line":82,"column":16},"end":{"line":82,"column":81}},"50":{"start":{"line":84,"column":16},"end":{"line":86,"column":76}},"51":{"start":{"line":89,"column":8},"end":{"line":93,"column":9}},"52":{"start":{"line":90,"column":12},"end":{"line":92,"column":15}},"53":{"start":{"line":91,"column":16},"end":{"line":91,"column":77}},"54":{"start":{"line":96,"column":8},"end":{"line":96,"column":71}},"55":{"start":{"line":100,"column":0},"end":{"line":100,"column":19}}},"fnMap":{"0":{"name":"(anonymous_8)","decl":{"start":{"line":20,"column":10},"end":{"line":20,"column":13}},"loc":{"start":{"line":20,"column":15},"end":{"line":94,"column":5}}},"1":{"name":"(anonymous_9)","decl":{"start":{"line":23,"column":26},"end":{"line":23,"column":33}},"loc":{"start":{"line":23,"column":64},"end":{"line":33,"column":10}}},"2":{"name":"(anonymous_10)","decl":{"start":{"line":23,"column":64},"end":{"line":23,"column":null}},"loc":{"start":{"line":23,"column":64},"end":{"line":33,"column":9}}},"3":{"name":"(anonymous_11)","decl":{"start":{"line":35,"column":27},"end":{"line":35,"column":34}},"loc":{"start":{"line":35,"column":65},"end":{"line":46,"column":10}}},"4":{"name":"(anonymous_12)","decl":{"start":{"line":35,"column":65},"end":{"line":35,"column":null}},"loc":{"start":{"line":35,"column":65},"end":{"line":46,"column":9}}},"5":{"name":"(anonymous_13)","decl":{"start":{"line":48,"column":30},"end":{"line":48,"column":37}},"loc":{"start":{"line":48,"column":68},"end":{"line":60,"column":10}}},"6":{"name":"(anonymous_14)","decl":{"start":{"line":48,"column":68},"end":{"line":48,"column":null}},"loc":{"start":{"line":48,"column":68},"end":{"line":60,"column":9}}},"7":{"name":"(anonymous_15)","decl":{"start":{"line":62,"column":29},"end":{"line":62,"column":36}},"loc":{"start":{"line":62,"column":67},"end":{"line":74,"column":10}}},"8":{"name":"(anonymous_16)","decl":{"start":{"line":62,"column":67},"end":{"line":62,"column":null}},"loc":{"start":{"line":62,"column":67},"end":{"line":74,"column":9}}},"9":{"name":"(anonymous_17)","decl":{"start":{"line":76,"column":28},"end":{"line":76,"column":35}},"loc":{"start":{"line":76,"column":66},"end":{"line":88,"column":10}}},"10":{"name":"(anonymous_18)","decl":{"start":{"line":76,"column":66},"end":{"line":76,"column":null}},"loc":{"start":{"line":76,"column":66},"end":{"line":88,"column":9}}},"11":{"name":"(anonymous_19)","decl":{"start":{"line":90,"column":29},"end":{"line":90,"column":32}},"loc":{"start":{"line":90,"column":34},"end":{"line":92,"column":13}}},"12":{"name":"(anonymous_20)","decl":{"start":{"line":95,"column":11},"end":{"line":95,"column":12}},"loc":{"start":{"line":95,"column":19},"end":{"line":97,"column":5}}}},"branchMap":{"0":{"loc":{"start":{"line":89,"column":8},"end":{"line":93,"column":9}},"type":"if","locations":[{"start":{"line":89,"column":8},"end":{"line":93,"column":9}}]}},"s":{"0":2,"1":2,"2":2,"3":2,"4":2,"5":2,"6":2,"7":2,"8":2,"9":2,"10":2,"11":2,"12":2,"13":2,"14":2,"15":0,"16":0,"17":2,"18":2,"19":2,"20":2,"21":2,"22":2,"23":0,"24":0,"25":2,"26":2,"27":2,"28":2,"29":2,"30":2,"31":2,"32":1,"33":1,"34":1,"35":2,"36":1,"37":1,"38":1,"39":1,"40":1,"41":0,"42":0,"43":2,"44":1,"45":1,"46":1,"47":1,"48":1,"49":0,"50":0,"51":2,"52":0,"53":0,"54":0,"55":2},"f":{"0":2,"1":2,"2":2,"3":2,"4":2,"5":2,"6":2,"7":1,"8":1,"9":1,"10":1,"11":0,"12":0},"b":{"0":[0]}}
,"C:\\Users\\krist\\Programming\\SoftwareQuality\\Ola2\\Project\\api\\src\\ormconfig.ts": {"path":"C:\\Users\\krist\\Programming\\SoftwareQuality\\Ola2\\Project\\api\\src\\ormconfig.ts","statementMap":{"0":{"start":{"line":1,"column":0},"end":{"line":1,"column":37}},"1":{"start":{"line":2,"column":0},"end":{"line":2,"column":38}},"2":{"start":{"line":3,"column":0},"end":{"line":3,"column":28}},"3":{"start":{"line":4,"column":0},"end":{"line":4,"column":24}},"4":{"start":{"line":5,"column":0},"end":{"line":5,"column":66}},"5":{"start":{"line":8,"column":26},"end":{"line":8,"column":57}},"6":{"start":{"line":9,"column":21},"end":{"line":9,"column":64}},"7":{"start":{"line":11,"column":0},"end":{"line":11,"column":44}},"8":{"start":{"line":12,"column":13},"end":{"line":21,"column":3}}},"fnMap":{},"branchMap":{"0":{"loc":{"start":{"line":9,"column":21},"end":{"line":9,"column":64}},"type":"cond-expr","locations":[{"start":{"line":9,"column":41},"end":{"line":9,"column":53}},{"start":{"line":9,"column":56},"end":{"line":9,"column":64}}]}},"s":{"0":4,"1":4,"2":4,"3":4,"4":4,"5":4,"6":4,"7":4,"8":4},"f":{},"b":{"0":[4,0]}}
,"C:\\Users\\krist\\Programming\\SoftwareQuality\\Ola2\\Project\\api\\src\\db_functions\\taskRepository.ts": {"path":"C:\\Users\\krist\\Programming\\SoftwareQuality\\Ola2\\Project\\api\\src\\db_functions\\taskRepository.ts","statementMap":{"0":{"start":{"line":76,"column":9},"end":{"line":76,"column":19}},"1":{"start":{"line":76,"column":21},"end":{"line":76,"column":32}},"2":{"start":{"line":76,"column":34},"end":{"line":76,"column":44}},"3":{"start":{"line":76,"column":46},"end":{"line":76,"column":54}},"4":{"start":{"line":76,"column":56},"end":{"line":76,"column":79}},"5":{"start":{"line":2,"column":0},"end":{"line":2,"column":45}},"6":{"start":{"line":3,"column":0},"end":{"line":3,"column":40}},"7":{"start":{"line":4,"column":0},"end":{"line":4,"column":33}},"8":{"start":{"line":7,"column":23},"end":{"line":7,"column":61}},"9":{"start":{"line":76,"column":80},"end":{"line":76,"column":94}},"10":{"start":{"line":14,"column":18},"end":{"line":19,"column":4}},"11":{"start":{"line":21,"column":15},"end":{"line":21,"column":49}},"12":{"start":{"line":22,"column":2},"end":{"line":22,"column":47}},"13":{"start":{"line":23,"column":2},"end":{"line":23,"column":14}},"14":{"start":{"line":27,"column":16},"end":{"line":27,"column":43}},"15":{"start":{"line":28,"column":2},"end":{"line":28,"column":37}},"16":{"start":{"line":29,"column":2},"end":{"line":29,"column":15}},"17":{"start":{"line":33,"column":19},"end":{"line":33,"column":35}},"18":{"start":{"line":34,"column":15},"end":{"line":34,"column":73}},"19":{"start":{"line":35,"column":2},"end":{"line":45,"column":3}},"20":{"start":{"line":36,"column":4},"end":{"line":36,"column":38}},"21":{"start":{"line":38,"column":4},"end":{"line":38,"column":27}},"22":{"start":{"line":39,"column":4},"end":{"line":39,"column":35}},"23":{"start":{"line":40,"column":4},"end":{"line":40,"column":35}},"24":{"start":{"line":41,"column":4},"end":{"line":41,"column":41}},"25":{"start":{"line":42,"column":4},"end":{"line":42,"column":36}},"26":{"start":{"line":43,"column":4},"end":{"line":43,"column":48}},"27":{"start":{"line":44,"column":4},"end":{"line":44,"column":16}},"28":{"start":{"line":49,"column":19},"end":{"line":49,"column":35}},"29":{"start":{"line":51,"column":15},"end":{"line":51,"column":73}},"30":{"start":{"line":53,"column":2},"end":{"line":59,"column":3}},"31":{"start":{"line":54,"column":4},"end":{"line":54,"column":38}},"32":{"start":{"line":56,"column":4},"end":{"line":56,"column":38}},"33":{"start":{"line":57,"column":4},"end":{"line":57,"column":48}},"34":{"start":{"line":58,"column":4},"end":{"line":58,"column":16}},"35":{"start":{"line":63,"column":19},"end":{"line":63,"column":35}},"36":{"start":{"line":65,"column":15},"end":{"line":65,"column":73}},"37":{"start":{"line":66,"column":2},"end":{"line":73,"column":3}},"38":{"start":{"line":67,"column":4},"end":{"line":67,"column":38}},"39":{"start":{"line":69,"column":4},"end":{"line":69,"column":35}},"40":{"start":{"line":70,"column":4},"end":{"line":70,"column":36}},"41":{"start":{"line":71,"column":4},"end":{"line":71,"column":58}},"42":{"start":{"line":72,"column":4},"end":{"line":72,"column":16}}},"fnMap":{"0":{"name":"createTask","decl":{"start":{"line":9,"column":15},"end":{"line":9,"column":25}},"loc":{"start":{"line":12,"column":36},"end":{"line":24,"column":null}}},"1":{"name":"getAllTasks","decl":{"start":{"line":26,"column":15},"end":{"line":26,"column":26}},"loc":{"start":{"line":26,"column":26},"end":{"line":30,"column":null}}},"2":{"name":"editTask","decl":{"start":{"line":32,"column":15},"end":{"line":32,"column":23}},"loc":{"start":{"line":32,"column":59},"end":{"line":46,"column":null}}},"3":{"name":"deleteTask","decl":{"start":{"line":48,"column":15},"end":{"line":48,"column":25}},"loc":{"start":{"line":48,"column":36},"end":{"line":60,"column":null}}},"4":{"name":"changeCompleteStateTask","decl":{"start":{"line":62,"column":15},"end":{"line":62,"column":38}},"loc":{"start":{"line":62,"column":71},"end":{"line":74,"column":null}}}},"branchMap":{"0":{"loc":{"start":{"line":35,"column":2},"end":{"line":45,"column":3}},"type":"if","locations":[{"start":{"line":35,"column":2},"end":{"line":45,"column":3}},{"start":{"line":37,"column":9},"end":{"line":45,"column":3}}]},"1":{"loc":{"start":{"line":53,"column":2},"end":{"line":59,"column":3}},"type":"if","locations":[{"start":{"line":53,"column":2},"end":{"line":59,"column":3}},{"start":{"line":55,"column":9},"end":{"line":59,"column":3}}]},"2":{"loc":{"start":{"line":66,"column":2},"end":{"line":73,"column":3}},"type":"if","locations":[{"start":{"line":66,"column":2},"end":{"line":73,"column":3}},{"start":{"line":68,"column":9},"end":{"line":73,"column":3}}]}},"s":{"0":4,"1":4,"2":4,"3":4,"4":4,"5":4,"6":4,"7":4,"8":4,"9":4,"10":8,"11":8,"12":8,"13":8,"14":2,"15":2,"16":2,"17":2,"18":2,"19":2,"20":1,"21":1,"22":1,"23":1,"24":1,"25":1,"26":1,"27":1,"28":1,"29":1,"30":1,"31":0,"32":1,"33":1,"34":1,"35":1,"36":1,"37":1,"38":0,"39":1,"40":1,"41":1,"42":1},"f":{"0":8,"1":2,"2":2,"3":1,"4":1},"b":{"0":[1,1],"1":[0,1],"2":[0,1]}}
,"C:\\Users\\krist\\Programming\\SoftwareQuality\\Ola2\\Project\\api\\src\\entities\\Task.ts": {"path":"C:\\Users\\krist\\Programming\\SoftwareQuality\\Ola2\\Project\\api\\src\\entities\\Task.ts","statementMap":{"0":{"start":{"line":1,"column":0},"end":{"line":1,"column":67}},"1":{"start":{"line":4,"column":7},"end":{"line":21,"column":null}},"2":{"start":{"line":4,"column":13},"end":{"line":4,"column":17}},"3":{"start":{"line":8,"column":2},"end":{"line":8,"column":null}},"4":{"start":{"line":11,"column":2},"end":{"line":11,"column":null}},"5":{"start":{"line":14,"column":2},"end":{"line":14,"column":null}},"6":{"start":{"line":17,"column":2},"end":{"line":17,"column":null}},"7":{"start":{"line":20,"column":2},"end":{"line":20,"column":null}},"8":{"start":{"line":4,"column":13},"end":{"line":21,"column":null}}},"fnMap":{},"branchMap":{},"s":{"0":4,"1":4,"2":4,"3":4,"4":4,"5":4,"6":4,"7":4,"8":4},"f":{},"b":{}}
}
