TN:
SF:src\index.ts
FN:20,(anonymous_8)
FN:23,(anonymous_9)
FN:23,(anonymous_10)
FN:35,(anonymous_11)
FN:35,(anonymous_12)
FN:48,(anonymous_13)
FN:48,(anonymous_14)
FN:62,(anonymous_15)
FN:62,(anonymous_16)
FN:76,(anonymous_17)
FN:76,(anonymous_18)
FN:90,(anonymous_19)
FN:95,(anonymous_20)
FNF:13
FNH:11
FNDA:2,(anonymous_8)
FNDA:2,(anonymous_9)
FNDA:2,(anonymous_10)
FNDA:2,(anonymous_11)
FNDA:2,(anonymous_12)
FNDA:2,(anonymous_13)
FNDA:2,(anonymous_14)
FNDA:1,(anonymous_15)
FNDA:1,(anonymous_16)
FNDA:1,(anonymous_17)
FNDA:1,(anonymous_18)
FNDA:0,(anonymous_19)
FNDA:0,(anonymous_20)
DA:1,2
DA:2,2
DA:3,2
DA:10,2
DA:13,2
DA:14,2
DA:16,2
DA:17,2
DA:19,2
DA:21,2
DA:23,2
DA:24,2
DA:25,2
DA:26,2
DA:28,0
DA:29,0
DA:35,2
DA:36,2
DA:37,2
DA:38,2
DA:39,2
DA:41,0
DA:42,0
DA:48,2
DA:49,2
DA:50,2
DA:51,2
DA:52,2
DA:54,2
DA:55,1
DA:57,1
DA:58,1
DA:62,2
DA:63,1
DA:64,1
DA:65,1
DA:66,1
DA:68,0
DA:70,0
DA:76,2
DA:77,1
DA:78,1
DA:79,1
DA:80,1
DA:82,0
DA:84,0
DA:89,2
DA:90,0
DA:91,0
DA:96,0
DA:100,2
LF:51
LH:40
BRDA:89,0,0,0
BRF:1
BRH:0
end_of_record
TN:
SF:src\ormconfig.ts
FNF:0
FNH:0
DA:1,4
DA:2,4
DA:3,4
DA:4,4
DA:5,4
DA:8,4
DA:9,4
DA:11,4
DA:12,4
LF:9
LH:9
BRDA:9,0,0,4
BRDA:9,0,1,0
BRF:2
BRH:1
end_of_record
TN:
SF:src\db_functions\taskRepository.ts
FN:9,createTask
FN:26,getAllTasks
FN:32,editTask
FN:48,deleteTask
FN:62,changeCompleteStateTask
FNF:5
FNH:5
FNDA:8,createTask
FNDA:2,getAllTasks
FNDA:2,editTask
FNDA:1,deleteTask
FNDA:1,changeCompleteStateTask
DA:2,4
DA:3,4
DA:4,4
DA:7,4
DA:14,8
DA:21,8
DA:22,8
DA:23,8
DA:27,2
DA:28,2
DA:29,2
DA:33,2
DA:34,2
DA:35,2
DA:36,1
DA:38,1
DA:39,1
DA:40,1
DA:41,1
DA:42,1
DA:43,1
DA:44,1
DA:49,1
DA:51,1
DA:53,1
DA:54,0
DA:56,1
DA:57,1
DA:58,1
DA:63,1
DA:65,1
DA:66,1
DA:67,0
DA:69,1
DA:70,1
DA:71,1
DA:72,1
DA:76,4
LF:38
LH:36
BRDA:35,0,0,1
BRDA:35,0,1,1
BRDA:53,1,0,0
BRDA:53,1,1,1
BRDA:66,2,0,0
BRDA:66,2,1,1
BRF:6
BRH:4
end_of_record
TN:
SF:src\entities\Task.ts
FNF:0
FNH:0
DA:1,4
DA:4,4
DA:8,4
DA:11,4
DA:14,4
DA:17,4
DA:20,4
LF:7
LH:7
BRF:0
BRH:0
end_of_record
